<?xml version="1.0" encoding="UTF-8"?>
<!-- Generated by org.testng.reporters.JUnitReportReporter -->
<testsuite hostname="DESKTOP-IVCAU5M" failures="0" tests="2" name="testngday1" time="0.031" errors="0" timestamp="2023-07-14T10:11:16 IST" skipped="0">
  <testcase classname="testngday1" name="demo1" time="0.003"/>
  <testcase classname="testngday1" name="demo" time="0.028"/>
</testsuite> <!-- testngday1 -->
