<?xml version="1.0" encoding="UTF-8"?>
<!-- Generated by org.testng.reporters.JUnitReportReporter -->
<testsuite hostname="DESKTOP-IVCAU5M" failures="0" tests="1" name="day3" time="0.016" errors="0" timestamp="2023-07-14T10:51:41 IST" skipped="0">
  <testcase classname="day3" name="thirdtest" time="0.016"/>
</testsuite> <!-- day3 -->
