<?xml version="1.0" encoding="UTF-8"?>
<!-- Generated by org.testng.reporters.JUnitReportReporter -->
<testsuite hostname="DESKTOP-IVCAU5M" failures="0" tests="1" name="day3" time="0.020" errors="0" timestamp="2023-09-04T11:39:59 IST" skipped="0">
  <testcase classname="day3" name="thirdtest" time="0.020"/>
</testsuite> <!-- day3 -->
