<?xml version="1.0" encoding="UTF-8"?>
<!-- Generated by org.testng.reporters.JUnitReportReporter -->
<testsuite hostname="DESKTOP-IVCAU5M" failures="0" tests="1" name="test.Demo" time="0.025" errors="0" timestamp="2023-07-14T10:40:19 IST" skipped="0">
  <testcase classname="test.Demo" name="loan" time="0.025"/>
</testsuite> <!-- test.Demo -->
